# JRE version: Java(TM) SE Runtime Environment 18.9 (11.0.17+10) (build 11.0.17+10-LTS-269)
# Java VM: Java HotSpot(TM) 64-Bit Server VM 18.9 (11.0.17+10-LTS-269, mixed mode, tiered, compressed oops, g1 gc, windows-amd64)
Heap:
 garbage-first heap   total 126976K, used 23367K [0x0000000084200000, 0x0000000100000000)
  region size 1024K, 18 young (18432K), 4 survivors (4096K)
 Metaspace       used 32699K, capacity 33134K, committed 33408K, reserved 1079296K
  class space    used 3666K, capacity 3841K, committed 3968K, reserved 1048576K
GC Heap History (6 events):
Event: 0.843 GC heap before
{Heap before GC invocations=0 (full 0):
 garbage-first heap   total 126976K, used 29696K [0x0000000084200000, 0x0000000100000000)
  region size 1024K, 24 young (24576K), 0 survivors (0K)
 Metaspace       used 16194K, capacity 16376K, committed 16640K, reserved 1064960K
  class space    used 1656K, capacity 1740K, committed 1792K, reserved 1048576K
}
Event: 0.849 GC heap after
{Heap after GC invocations=1 (full 0):
 garbage-first heap   total 126976K, used 6455K [0x0000000084200000, 0x0000000100000000)
  region size 1024K, 3 young (3072K), 3 survivors (3072K)
 Metaspace       used 16194K, capacity 16376K, committed 16640K, reserved 1064960K
  class space    used 1656K, capacity 1740K, committed 1792K, reserved 1048576K
}
Event: 1.045 GC heap before
{Heap before GC invocations=1 (full 0):
 garbage-first heap   total 126976K, used 19767K [0x0000000084200000, 0x0000000100000000)
  region size 1024K, 17 young (17408K), 3 survivors (3072K)
 Metaspace       used 20748K, capacity 21025K, committed 21248K, reserved 1069056K
  class space    used 2195K, capacity 2284K, committed 2304K, reserved 1048576K
}
Event: 1.049 GC heap after
{Heap after GC invocations=2 (full 0):
 garbage-first heap   total 126976K, used 7479K [0x0000000084200000, 0x0000000100000000)
  region size 1024K, 4 young (4096K), 4 survivors (4096K)
 Metaspace       used 20748K, capacity 21025K, committed 21248K, reserved 1069056K
  class space    used 2195K, capacity 2284K, committed 2304K, reserved 1048576K
}
Event: 1.753 GC heap before
{Heap before GC invocations=3 (full 0):
 garbage-first heap   total 126976K, used 35127K [0x0000000084200000, 0x0000000100000000)
  region size 1024K, 31 young (31744K), 4 survivors (4096K)
 Metaspace       used 29040K, capacity 29444K, committed 29824K, reserved 1075200K
  class space    used 3157K, capacity 3330K, committed 3456K, reserved 1048576K
}
Event: 1.782 GC heap after
{Heap after GC invocations=4 (full 0):
 garbage-first heap   total 126976K, used 11079K [0x0000000084200000, 0x0000000100000000)
  region size 1024K, 4 young (4096K), 4 survivors (4096K)
 Metaspace       used 29040K, capacity 29444K, committed 29824K, reserved 1075200K
  class space    used 3157K, capacity 3330K, committed 3456K, reserved 1048576K
}

